c:\users\98499\source\repos\hello world\debug\vc142.pdb
c:\users\98499\source\repos\hello world\debug\vc142.idb
c:\users\98499\source\repos\hello world\debug\radius_pi.obj
c:\users\98499\source\repos\hello world\debug\helloworld.obj
c:\users\98499\source\repos\hello world\debug\ifelse.obj
c:\users\98499\source\repos\hello world\debug\manualsin.obj
c:\users\98499\source\repos\hello world\debug\dicegame.obj
c:\users\98499\source\repos\hello world\debug\clock object.obj
c:\users\98499\source\repos\hello world\debug\point.obj
c:\users\98499\source\repos\hello world\debug\test.obj
c:\users\98499\source\repos\hello world\debug\client.obj
c:\users\98499\source\repos\hello world\debug\clock.obj
c:\users\98499\source\repos\hello world\debug\transposition.obj
c:\users\98499\source\repos\hello world\debug\function pointer.obj
c:\users\98499\source\repos\hello world\debug\object pointer.obj
c:\users\98499\source\repos\hello world\debug\multidimensional array.obj
c:\users\98499\source\repos\hello world\debug\vector.obj
c:\users\98499\source\repos\hello world\debug\animal.obj
c:\users\98499\source\repos\hello world\debug\vehicle.obj
c:\users\98499\source\repos\hello world\debug\clock2.obj
c:\users\98499\source\repos\hello world\debug\complex.obj
c:\users\98499\source\repos\hello world\debug\vectoranddeque.obj
c:\users\98499\source\repos\hello world\debug\stack.obj
c:\users\98499\source\repos\hello world\debug\priority queue.obj
c:\users\98499\source\repos\hello world\debug\set.obj
c:\users\98499\source\repos\hello world\debug\map.obj
c:\users\98499\source\repos\hello world\debug\map2.obj
c:\users\98499\source\repos\hello world\debug\hello world.exe
c:\users\98499\source\repos\hello world\debug\hello world.ilk
c:\users\98499\source\repos\hello world\debug\hello world.pdb
c:\users\98499\source\repos\hello world\debug\hello world.tlog\cl.command.1.tlog
c:\users\98499\source\repos\hello world\debug\hello world.tlog\cl.read.1.tlog
c:\users\98499\source\repos\hello world\debug\hello world.tlog\cl.write.1.tlog
c:\users\98499\source\repos\hello world\debug\hello world.tlog\link.command.1.tlog
c:\users\98499\source\repos\hello world\debug\hello world.tlog\link.read.1.tlog
c:\users\98499\source\repos\hello world\debug\hello world.tlog\link.write.1.tlog
